Completed 200 OK in 48ms (Views: 26.6ms | ActiveRecord: 0.0ms)


0/gems/railties-5.2.4.3/lib/rails/templates/rails/welcome/index.html.erb (5.7ms)
  [1m[35m (0.1ms)[0m  [1m[34mSELECT sqlite_version(*)[0m
  ↳ bin/rails:9
  [1m[35m (4.5ms)[0m  [1m[35mCREATE TABLE "schema_migrations" ("version" varchar NOT NULL PRIMARY KEY)[0m
  ↳ bin/rails:9
  [1m[35m (4.4ms)[0m  [1m[35mCREATE TABLE "ar_internal_metadata" ("key" varchar NOT NULL PRIMARY KEY, "value" varchar, "created_at" datetime NOT NULL, "updated_at" datetime NOT NULL)[0m
  ↳ bin/rails:9
  [1m[35m (0.6ms)[0m  [1m[34mSELECT "schema_migrations"."version" FROM "schema_migrations" ORDER BY "schema_migrations"."version" ASC[0m
  ↳ bin/rails:9
Migrating to DeviseCreateUsers (20200630132048)
  [1m[35m (0.1ms)[0m  [1m[36mbegin transaction[0m
  ↳ bin/rails:9
  [1m[35m (2.0ms)[0m  [1m[35mCREATE TABLE "users" ("id" integer PRIMARY KEY AUTOINCREMENT NOT NULL, "email" varchar DEFAULT '' NOT NULL, "encrypted_password" varchar DEFAULT '' NOT NULL, "reset_password_token" varchar, "reset_password_sent_at" datetime, "remember_created_at" datetime, "created_at" datetime NOT NULL, "updated_at" datetime NOT NULL)[0m
  ↳ db/migrate/20200630132048_devise_create_users.rb:5
  [1m[35m (0.3ms)[0m  [1m[35mCREATE UNIQUE INDEX "index_users_on_email" ON "users" ("email")[0m
  ↳ db/migrate/20200630132048_devise_create_users.rb:39
  [1m[35m (0.1ms)[0m  [1m[35mCREATE UNIQUE INDEX "index_users_on_reset_password_token" ON "users" ("reset_password_token")[0m
  ↳ db/migrate/20200630132048_devise_create_users.rb:40
  [1m[36mActiveRecord::SchemaMigration Create (0.9ms)[0m  [1m[32mINSERT INTO "schema_migrations" ("version") VALUES (?)[0m  [["version", "20200630132048"]]
  ↳ bin/rails:9
  [1m[35m (1.9ms)[0m  [1m[36mcommit transaction[0m
  ↳ bin/rails:9
Migrating to CreatePostImages (20200630153031)
  [1m[35m (0.1ms)[0m  [1m[36mbegin transaction[0m
  ↳ bin/rails:9
  [1m[35m (1.9ms)[0m  [1m[35mCREATE TABLE "post_images" ("id" integer PRIMARY KEY AUTOINCREMENT NOT NULL, "user_id" integer, "created_at" datetime NOT NULL, "updated_at" datetime NOT NULL)[0m
  ↳ db/migrate/20200630153031_create_post_images.rb:3
  [1m[36mActiveRecord::SchemaMigration Create (0.9ms)[0m  [1m[32mINSERT INTO "schema_migrations" ("version") VALUES (?)[0m  [["version", "20200630153031"]]
  ↳ bin/rails:9
  [1m[35m (1.2ms)[0m  [1m[36mcommit transaction[0m
  ↳ bin/rails:9
Migrating to AddImageIdToPostImage (20200630160622)
  [1m[35m (0.1ms)[0m  [1m[36mbegin transaction[0m
  ↳ bin/rails:9
  [1m[35m (1.8ms)[0m  [1m[35mALTER TABLE "post_images" ADD "image_id" varchar[0m
  ↳ db/migrate/20200630160622_add_image_id_to_post_image.rb:3
  [1m[36mActiveRecord::SchemaMigration Create (0.7ms)[0m  [1m[32mINSERT INTO "schema_migrations" ("version") VALUES (?)[0m  [["version", "20200630160622"]]
  ↳ bin/rails:9
  [1m[35m (1.3ms)[0m  [1m[36mcommit transaction[0m
  ↳ bin/rails:9
  [1m[36mActiveRecord::InternalMetadata Load (0.3ms)[0m  [1m[34mSELECT  "ar_internal_metadata".* FROM "ar_internal_metadata" WHERE "ar_internal_metadata"."key" = ? LIMIT ?[0m  [["key", "environment"], ["LIMIT", 1]]
  ↳ bin/rails:9
  [1m[35m (0.1ms)[0m  [1m[36mbegin transaction[0m
  ↳ bin/rails:9
  [1m[36mActiveRecord::InternalMetadata Create (1.8ms)[0m  [1m[32mINSERT INTO "ar_internal_metadata" ("key", "value", "created_at", "updated_at") VALUES (?, ?, ?, ?)[0m  [["key", "environment"], ["value", "development"], ["created_at", "2020-06-30 16:31:43.455120"], ["updated_at", "2020-06-30 16:31:43.455120"]]
  ↳ bin/rails:9
  [1m[35m (1.7ms)[0m  [1m[36mcommit transaction[0m
  ↳ bin/rails:9
  [1m[35m (0.4ms)[0m  [1m[34mSELECT "schema_migrations"."version" FROM "schema_migrations" ORDER BY "schema_migrations"."version" ASC[0m
  ↳ bin/rails:9
  [1m[35m (0.5ms)[0m  [1m[34mSELECT "schema_migrations"."version" FROM "schema_migrations" ORDER BY "schema_migrations"."version" ASC[0m
  ↳ bin/rails:9
Migrating to CreateDiaries (20200630163525)
  [1m[35m (0.1ms)[0m  [1m[36mbegin transaction[0m
  ↳ bin/rails:9
  [1m[35m (0.1ms)[0m  [1m[34mSELECT sqlite_version(*)[0m
  ↳ db/migrate/20200630163525_create_diaries.rb:3
  [1m[35m (1.6ms)[0m  [1m[35mCREATE TABLE "diaries" ("id" integer PRIMARY KEY AUTOINCREMENT NOT NULL, "diary_text" text, "user_id" integer, "created_at" datetime NOT NULL, "updated_at" datetime NOT NULL)[0m
  ↳ db/migrate/20200630163525_create_diaries.rb:3
  [1m[36mActiveRecord::SchemaMigration Create (0.8ms)[0m  [1m[32mINSERT INTO "schema_migrations" ("version") VALUES (?)[0m  [["version", "20200630163525"]]
  ↳ bin/rails:9
  [1m[35m (1.2ms)[0m  [1m[36mcommit transaction[0m
  ↳ bin/rails:9
Migrating to CreatePictureBooks (20200630163633)
  [1m[35m (0.1ms)[0m  [1m[36mbegin transaction[0m
  ↳ bin/rails:9
  [1m[35m (2.7ms)[0m  [1m[35mCREATE TABLE "picture_books" ("id" integer PRIMARY KEY AUTOINCREMENT NOT NULL, "user_id" integer, "fish_name" varchar, "fishing_place" text, "introduction" text, "created_at" datetime NOT NULL, "updated_at" datetime NOT NULL)[0m
  ↳ db/migrate/20200630163633_create_picture_books.rb:3
  [1m[36mActiveRecord::SchemaMigration Create (0.8ms)[0m  [1m[32mINSERT INTO "schema_migrations" ("version") VALUES (?)[0m  [["version", "20200630163633"]]
  ↳ bin/rails:9
  [1m[35m (1.2ms)[0m  [1m[36mcommit transaction[0m
  ↳ bin/rails:9
Migrating to CreateCheckLists (20200630163719)
  [1m[35m (0.1ms)[0m  [1m[36mbegin transaction[0m
  ↳ bin/rails:9
  [1m[35m (2.0ms)[0m  [1m[35mCREATE TABLE "check_lists" ("id" integer PRIMARY KEY AUTOINCREMENT NOT NULL, "user_id" integer, "task1" text, "created_at" datetime NOT NULL, "updated_at" datetime NOT NULL)[0m
  ↳ db/migrate/20200630163719_create_check_lists.rb:3
  [1m[36mActiveRecord::SchemaMigration Create (0.6ms)[0m  [1m[32mINSERT INTO "schema_migrations" ("version") VALUES (?)[0m  [["version", "20200630163719"]]
  ↳ bin/rails:9
  [1m[35m (1.4ms)[0m  [1m[36mcommit transaction[0m
  ↳ bin/rails:9
  [1m[36mActiveRecord::InternalMetadata Load (0.4ms)[0m  [1m[34mSELECT  "ar_internal_metadata".* FROM "ar_internal_metadata" WHERE "ar_internal_metadata"."key" = ? LIMIT ?[0m  [["key", "environment"], ["LIMIT", 1]]
  ↳ bin/rails:9
  [1m[35m (0.1ms)[0m  [1m[36mbegin transaction[0m
  ↳ bin/rails:9
  [1m[35m (0.0ms)[0m  [1m[36mcommit transaction[0m
  ↳ bin/rails:9
  [1m[35m (0.3ms)[0m  [1m[34mSELECT "schema_migrations"."version" FROM "schema_migrations" ORDER BY "schema_migrations"."version" ASC[0m
  ↳ bin/rails:9
  [1m[35m (0.7ms)[0m  [1m[34mSELECT "schema_migrations"."version" FROM "schema_migrations" ORDER BY "schema_migrations"."version" ASC[0m
  ↳ bin/rails:9
Migrating to AddNameToUsers (20200701135251)
  [1m[35m (0.1ms)[0m  [1m[36mbegin transaction[0m
  ↳ bin/rails:9
  [1m[35m (2.6ms)[0m  [1m[35mALTER TABLE "users" ADD "name" varchar[0m
  ↳ db/migrate/20200701135251_add_name_to_users.rb:3
  [1m[36mActiveRecord::SchemaMigration Create (0.9ms)[0m  [1m[32mINSERT INTO "schema_migrations" ("version") VALUES (?)[0m  [["version", "20200701135251"]]
  ↳ bin/rails:9
  [1m[35m (1.2ms)[0m  [1m[36mcommit transaction[0m
  ↳ bin/rails:9
  [1m[36mActiveRecord::InternalMetadata Load (0.7ms)[0m  [1m[34mSELECT  "ar_internal_metadata".* FROM "ar_internal_metadata" WHERE "ar_internal_metadata"."key" = ? LIMIT ?[0m  [["key", "environment"], ["LIMIT", 1]]
  ↳ bin/rails:9
  [1m[35m (0.1ms)[0m  [1m[36mbegin transaction[0m
  ↳ bin/rails:9
  [1m[35m (0.0ms)[0m  [1m[36mcommit transaction[0m
  ↳ bin/rails:9
  [1m[35m (0.5ms)[0m  [1m[34mSELECT "schema_migrations"."version" FROM "schema_migrations" ORDER BY "schema_migrations"."version" ASC[0m
  ↳ bin/rails:9
  [1m[35m (0.5ms)[0m  [1m[34mSELECT "schema_migrations"."version" FROM "schema_migrations" ORDER BY "schema_migrations"."version" ASC[0m
  ↳ bin/rails:9
Migrating to AddPostImageIdToUsers (20200701135429)
  [1m[35m (0.1ms)[0m  [1m[36mbegin transaction[0m
  ↳ bin/rails:9
  [1m[35m (1.9ms)[0m  [1m[35mALTER TABLE "users" ADD "post_image_id" integer[0m
  ↳ db/migrate/20200701135429_add_post_image_id_to_users.rb:3
  [1m[36mActiveRecord::SchemaMigration Create (0.8ms)[0m  [1m[32mINSERT INTO "schema_migrations" ("version") VALUES (?)[0m  [["version", "20200701135429"]]
  ↳ bin/rails:9
  [1m[35m (1.3ms)[0m  [1m[36mcommit transaction[0m
  ↳ bin/rails:9
  [1m[36mActiveRecord::InternalMetadata Load (0.5ms)[0m  [1m[34mSELECT  "ar_internal_metadata".* FROM "ar_internal_metadata" WHERE "ar_internal_metadata"."key" = ? LIMIT ?[0m  [["key", "environment"], ["LIMIT", 1]]
  ↳ bin/rails:9
  [1m[35m (0.1ms)[0m  [1m[36mbegin transaction[0m
  ↳ bin/rails:9
  [1m[35m (0.0ms)[0m  [1m[36mcommit transaction[0m
  ↳ bin/rails:9
  [1m[35m (0.4ms)[0m  [1m[34mSELECT "schema_migrations"."version" FROM "schema_migrations" ORDER BY "schema_migrations"."version" ASC[0m
  ↳ bin/rails:9
  [1m[35m (0.5ms)[0m  [1m[34mSELECT "schema_migrations"."version" FROM "schema_migrations" ORDER BY "schema_migrations"."version" ASC[0m
  ↳ bin/rails:9
Migrating to AddTask2ToCheckLists (20200701135725)
  [1m[35m (0.1ms)[0m  [1m[36mbegin transaction[0m
  ↳ bin/rails:9
  [1m[35m (2.6ms)[0m  [1m[35mALTER TABLE "check_lists" ADD "task2" text[0m
  ↳ db/migrate/20200701135725_add_task2_to_check_lists.rb:3
  [1m[36mActiveRecord::SchemaMigration Create (1.1ms)[0m  [1m[32mINSERT INTO "schema_migrations" ("version") VALUES (?)[0m  [["version", "20200701135725"]]
  ↳ bin/rails:9
  [1m[35m (1.2ms)[0m  [1m[36mcommit transaction[0m
  ↳ bin/rails:9
Migrating to AddTask3ToCheckLists (20200701135734)
  [1m[35m (0.1ms)[0m  [1m[36mbegin transaction[0m
  ↳ bin/rails:9
  [1m[35m (2.3ms)[0m  [1m[35mALTER TABLE "check_lists" ADD "task3" text[0m
  ↳ db/migrate/20200701135734_add_task3_to_check_lists.rb:3
  [1m[36mActiveRecord::SchemaMigration Create (1.1ms)[0m  [1m[32mINSERT INTO "schema_migrations" ("version") VALUES (?)[0m  [["version", "20200701135734"]]
  ↳ bin/rails:9
  [1m[35m (1.2ms)[0m  [1m[36mcommit transaction[0m
  ↳ bin/rails:9
Migrating to AddTask4ToCheckLists (20200701135742)
  [1m[35m (0.1ms)[0m  [1m[36mbegin transaction[0m
  ↳ bin/rails:9
  [1m[35m (2.5ms)[0m  [1m[35mALTER TABLE "check_lists" ADD "task4" text[0m
  ↳ db/migrate/20200701135742_add_task4_to_check_lists.rb:3
  [1m[36mActiveRecord::SchemaMigration Create (0.9ms)[0m  [1m[32mINSERT INTO "schema_migrations" ("version") VALUES (?)[0m  [["version", "20200701135742"]]
  ↳ bin/rails:9
  [1m[35m (1.6ms)[0m  [1m[36mcommit transaction[0m
  ↳ bin/rails:9
Migrating to AddTask5ToCheckLists (20200701135750)
  [1m[35m (0.1ms)[0m  [1m[36mbegin transaction[0m
  ↳ bin/rails:9
  [1m[35m (2.5ms)[0m  [1m[35mALTER TABLE "check_lists" ADD "task5" text[0m
  ↳ db/migrate/20200701135750_add_task5_to_check_lists.rb:3
  [1m[36mActiveRecord::SchemaMigration Create (0.8ms)[0m  [1m[32mINSERT INTO "schema_migrations" ("version") VALUES (?)[0m  [["version", "20200701135750"]]
  ↳ bin/rails:9
  [1m[35m (1.3ms)[0m  [1m[36mcommit transaction[0m
  ↳ bin/rails:9
Migrating to AddTask6ToCheckLists (20200701135756)
  [1m[35m (0.1ms)[0m  [1m[36mbegin transaction[0m
  ↳ bin/rails:9
  [1m[35m (2.1ms)[0m  [1m[35mALTER TABLE "check_lists" ADD "task6" text[0m
  ↳ db/migrate/20200701135756_add_task6_to_check_lists.rb:3
  [1m[36mActiveRecord::SchemaMigration Create (0.9ms)[0m  [1m[32mINSERT INTO "schema_migrations" ("version") VALUES (?)[0m  [["version", "20200701135756"]]
  ↳ bin/rails:9
  [1m[35m (2.6ms)[0m  [1m[36mcommit transaction[0m
  ↳ bin/rails:9
Migrating to AddTask7ToCheckLists (20200701135803)
  [1m[35m (0.1ms)[0m  [1m[36mbegin transaction[0m
  ↳ bin/rails:9
  [1m[35m (2.3ms)[0m  [1m[35mALTER TABLE "check_lists" ADD "task7" text[0m
  ↳ db/migrate/20200701135803_add_task7_to_check_lists.rb:3
  [1m[36mActiveRecord::SchemaMigration Create (0.6ms)[0m  [1m[32mINSERT INTO "schema_migrations" ("version") VALUES (?)[0m  [["version", "20200701135803"]]
  ↳ bin/rails:9
  [1m[35m (1.1ms)[0m  [1m[36mcommit transaction[0m
  ↳ bin/rails:9
Migrating to AddTask8ToCheckLists (20200701135816)
  [1m[35m (0.2ms)[0m  [1m[36mbegin transaction[0m
  ↳ bin/rails:9
  [1m[35m (2.0ms)[0m  [1m[35mALTER TABLE "check_lists" ADD "task8" text[0m
  ↳ db/migrate/20200701135816_add_task8_to_check_lists.rb:3
  [1m[36mActiveRecord::SchemaMigration Create (0.7ms)[0m  [1m[32mINSERT INTO "schema_migrations" ("version") VALUES (?)[0m  [["version", "20200701135816"]]
  ↳ bin/rails:9
  [1m[35m (1.1ms)[0m  [1m[36mcommit transaction[0m
  ↳ bin/rails:9
Migrating to AddTask9ToCheckLists (20200701135824)
  [1m[35m (0.1ms)[0m  [1m[36mbegin transaction[0m
  ↳ bin/rails:9
  [1m[35m (3.1ms)[0m  [1m[35mALTER TABLE "check_lists" ADD "task9" text[0m
  ↳ db/migrate/20200701135824_add_task9_to_check_lists.rb:3
  [1m[36mActiveRecord::SchemaMigration Create (0.7ms)[0m  [1m[32mINSERT INTO "schema_migrations" ("version") VALUES (?)[0m  [["version", "20200701135824"]]
  ↳ bin/rails:9
  [1m[35m (1.5ms)[0m  [1m[36mcommit transaction[0m
  ↳ bin/rails:9
Migrating to AddTask10ToCheckLists (20200701135831)
  [1m[35m (0.1ms)[0m  [1m[36mbegin transaction[0m
  ↳ bin/rails:9
  [1m[35m (2.2ms)[0m  [1m[35mALTER TABLE "check_lists" ADD "task10" text[0m
  ↳ db/migrate/20200701135831_add_task10_to_check_lists.rb:3
  [1m[36mActiveRecord::SchemaMigration Create (0.9ms)[0m  [1m[32mINSERT INTO "schema_migrations" ("version") VALUES (?)[0m  [["version", "20200701135831"]]
  ↳ bin/rails:9
  [1m[35m (1.2ms)[0m  [1m[36mcommit transaction[0m
  ↳ bin/rails:9
Migrating to AddTask11ToCheckLists (20200701135838)
  [1m[35m (0.1ms)[0m  [1m[36mbegin transaction[0m
  ↳ bin/rails:9
  [1m[35m (2.0ms)[0m  [1m[35mALTER TABLE "check_lists" ADD "task11" text[0m
  ↳ db/migrate/20200701135838_add_task11_to_check_lists.rb:3
  [1m[36mActiveRecord::SchemaMigration Create (0.6ms)[0m  [1m[32mINSERT INTO "schema_migrations" ("version") VALUES (?)[0m  [["version", "20200701135838"]]
  ↳ bin/rails:9
  [1m[35m (1.4ms)[0m  [1m[36mcommit transaction[0m
  ↳ bin/rails:9
Migrating to AddTask12ToCheckLists (20200701135844)
  [1m[35m (0.1ms)[0m  [1m[36mbegin transaction[0m
  ↳ bin/rails:9
  [1m[35m (2.1ms)[0m  [1m[35mALTER TABLE "check_lists" ADD "task12" text[0m
  ↳ db/migrate/20200701135844_add_task12_to_check_lists.rb:3
  [1m[36mActiveRecord::SchemaMigration Create (3.5ms)[0m  [1m[32mINSERT INTO "schema_migrations" ("version") VALUES (?)[0m  [["version", "20200701135844"]]
  ↳ bin/rails:9
  [1m[35m (3.9ms)[0m  [1m[36mcommit transaction[0m
  ↳ bin/rails:9
Migrating to AddTask13ToCheckLists (20200701135850)
  [1m[35m (0.1ms)[0m  [1m[36mbegin transaction[0m
  ↳ bin/rails:9
  [1m[35m (3.3ms)[0m  [1m[35mALTER TABLE "check_lists" ADD "task13" text[0m
  ↳ db/migrate/20200701135850_add_task13_to_check_lists.rb:3
  [1m[36mActiveRecord::SchemaMigration Create (0.7ms)[0m  [1m[32mINSERT INTO "schema_migrations" ("version") VALUES (?)[0m  [["version", "20200701135850"]]
  ↳ bin/rails:9
  [1m[35m (1.2ms)[0m  [1m[36mcommit transaction[0m
  ↳ bin/rails:9
Migrating to AddTask14ToCheckLists (20200701135856)
  [1m[35m (0.1ms)[0m  [1m[36mbegin transaction[0m
  ↳ bin/rails:9
  [1m[35m (1.9ms)[0m  [1m[35mALTER TABLE "check_lists" ADD "task14" text[0m
  ↳ db/migrate/20200701135856_add_task14_to_check_lists.rb:3
  [1m[36mActiveRecord::SchemaMigration Create (1.0ms)[0m  [1m[32mINSERT INTO "schema_migrations" ("version") VALUES (?)[0m  [["version", "20200701135856"]]
  ↳ bin/rails:9
  [1m[35m (1.5ms)[0m  [1m[36mcommit transaction[0m
  ↳ bin/rails:9
Migrating to AddTask15ToCheckLists (20200701135902)
  [1m[35m (0.1ms)[0m  [1m[36mbegin transaction[0m
  ↳ bin/rails:9
  [1m[35m (2.1ms)[0m  [1m[35mALTER TABLE "check_lists" ADD "task15" text[0m
  ↳ db/migrate/20200701135902_add_task15_to_check_lists.rb:3
  [1m[36mActiveRecord::SchemaMigration Create (0.7ms)[0m  [1m[32mINSERT INTO "schema_migrations" ("version") VALUES (?)[0m  [["version", "20200701135902"]]
  ↳ bin/rails:9
  [1m[35m (1.1ms)[0m  [1m[36mcommit transaction[0m
  ↳ bin/rails:9
  [1m[36mActiveRecord::InternalMetadata Load (0.4ms)[0m  [1m[34mSELECT  "ar_internal_metadata".* FROM "ar_internal_metadata" WHERE "ar_internal_metadata"."key" = ? LIMIT ?[0m  [["key", "environment"], ["LIMIT", 1]]
  ↳ bin/rails:9
  [1m[35m (0.1ms)[0m  [1m[36mbegin transaction[0m
  ↳ bin/rails:9
  [1m[35m (0.1ms)[0m  [1m[36mcommit transaction[0m
  ↳ bin/rails:9
  [1m[35m (0.3ms)[0m  [1m[34mSELECT "schema_migrations"."version" FROM "schema_migrations" ORDER BY "schema_migrations"."version" ASC[0m
  ↳ bin/rails:9
Started GET "/" for 10.0.2.2 at 2020-07-01 13:59:46 +0000
Cannot render console from 10.0.2.2! Allowed networks: 127.0.0.1, ::1, 127.0.0.0/127.255.255.255
  [1m[35m (0.5ms)[0m  [1m[34mSELECT "schema_migrations"."version" FROM "schema_migrations" ORDER BY "schema_migrations"."version" ASC[0m
  ↳ /home/vagrant/.rbenv/versions/2.5.7/lib/ruby/gems/2.5.0/gems/activerecord-5.2.4.3/lib/active_record/log_subscriber.rb:98
Processing by Rails::WelcomeController#index as HTML
  Rendering /home/vagrant/.rbenv/versions/2.5.7/lib/ruby/gems/2.5.0/gems/railties-5.2.4.3/lib/rails/templates/rails/welcome/index.html.erb
  Rendered /home/vagrant/.rbenv/versions/2.5.7/lib/ruby/gems/2.5.0/gems/railties-5.2.4.3/lib/rails/templates/rails/welcome/index.html.erb (2.6ms)
Completed 200 OK in 15ms (Views: 7.0ms | ActiveRecord: 0.0ms)


Started GET "/sign_in" for 10.0.2.2 at 2020-07-01 13:59:53 +0000
Cannot render console from 10.0.2.2! Allowed networks: 127.0.0.1, ::1, 127.0.0.0/127.255.255.255
  
ActionController::RoutingError (No route matches [GET] "/sign_in"):
  
actionpack (5.2.4.3) lib/action_dispatch/middleware/debug_exceptions.rb:65:in `call'
web-console (3.7.0) lib/web_console/middleware.rb:135:in `call_app'
web-console (3.7.0) lib/web_console/middleware.rb:22:in `block in call'
web-console (3.7.0) lib/web_console/middleware.rb:20:in `catch'
web-console (3.7.0) lib/web_console/middleware.rb:20:in `call'
actionpack (5.2.4.3) lib/action_dispatch/middleware/show_exceptions.rb:33:in `call'
railties (5.2.4.3) lib/rails/rack/logger.rb:38:in `call_app'
railties (5.2.4.3) lib/rails/rack/logger.rb:26:in `block in call'
activesupport (5.2.4.3) lib/active_support/tagged_logging.rb:71:in `block in tagged'
activesupport (5.2.4.3) lib/active_support/tagged_logging.rb:28:in `tagged'
activesupport (5.2.4.3) lib/active_support/tagged_logging.rb:71:in `tagged'
railties (5.2.4.3) lib/rails/rack/logger.rb:26:in `call'
sprockets-rails (3.2.1) lib/sprockets/rails/quiet_assets.rb:13:in `call'
actionpack (5.2.4.3) lib/action_dispatch/middleware/remote_ip.rb:81:in `call'
actionpack (5.2.4.3) lib/action_dispatch/middleware/request_id.rb:27:in `call'
rack (2.2.3) lib/rack/method_override.rb:24:in `call'
rack (2.2.3) lib/rack/runtime.rb:22:in `call'
activesupport (5.2.4.3) lib/active_support/cache/strategy/local_cache_middleware.rb:29:in `call'
actionpack (5.2.4.3) lib/action_dispatch/middleware/executor.rb:14:in `call'
actionpack (5.2.4.3) lib/action_dispatch/middleware/static.rb:127:in `call'
rack (2.2.3) lib/rack/sendfile.rb:110:in `call'
railties (5.2.4.3) lib/rails/engine.rb:524:in `call'
puma (3.12.6) lib/puma/configuration.rb:227:in `call'
puma (3.12.6) lib/puma/server.rb:706:in `handle_request'
puma (3.12.6) lib/puma/server.rb:476:in `process_client'
puma (3.12.6) lib/puma/server.rb:334:in `block in run'
puma (3.12.6) lib/puma/thread_pool.rb:135:in `block in spawn_thread'
Started GET "/users/sign_in" for 10.0.2.2 at 2020-07-01 13:59:58 +0000
Cannot render console from 10.0.2.2! Allowed networks: 127.0.0.1, ::1, 127.0.0.0/127.255.255.255
Processing by Devise::SessionsController#new as HTML
  Rendering /home/vagrant/.rbenv/versions/2.5.7/lib/ruby/gems/2.5.0/gems/devise-4.7.2/app/views/devise/sessions/new.html.erb within layouts/application
  Rendered /home/vagrant/.rbenv/versions/2.5.7/lib/ruby/gems/2.5.0/gems/devise-4.7.2/app/views/devise/shared/_links.html.erb (2.8ms)
  Rendered /home/vagrant/.rbenv/versions/2.5.7/lib/ruby/gems/2.5.0/gems/devise-4.7.2/app/views/devise/sessions/new.html.erb within layouts/application (60.7ms)
Completed 500 Internal Server Error in 2948ms (ActiveRecord: 1.5ms)


  
ActionView::Template::Error ():
     5:     <%= csrf_meta_tags %>
     6:     <%= csp_meta_tag %>
     7: 
     8:     <%= stylesheet_link_tag    'application', media: 'all', 'data-turbolinks-track': 'reload' %>
     9:     <%= javascript_include_tag 'application', 'data-turbolinks-track': 'reload' %>
    10:   </head>
    11: 
  
(execjs):1
app/views/layouts/application.html.erb:8:in `_app_views_layouts_application_html_erb___1703905982493091406_70263048635040'
Started GET "/devise/users/sign_in" for 10.0.2.2 at 2020-07-01 14:00:51 +0000
Cannot render console from 10.0.2.2! Allowed networks: 127.0.0.1, ::1, 127.0.0.0/127.255.255.255
  [1m[35m (1.0ms)[0m  [1m[34mSELECT "schema_migrations"."version" FROM "schema_migrations" ORDER BY "schema_migrations"."version" ASC[0m
  ↳ /home/vagrant/.rbenv/versions/2.5.7/lib/ruby/gems/2.5.0/gems/activerecord-5.2.4.3/lib/active_record/log_subscriber.rb:98
  
ActionController::RoutingError (No route matches [GET] "/devise/users/sign_in"):
  
actionpack (5.2.4.3) lib/action_dispatch/middleware/debug_exceptions.rb:65:in `call'
web-console (3.7.0) lib/web_console/middleware.rb:135:in `call_app'
web-console (3.7.0) lib/web_console/middleware.rb:22:in `block in call'
web-console (3.7.0) lib/web_console/middleware.rb:20:in `catch'
web-console (3.7.0) lib/web_console/middleware.rb:20:in `call'
actionpack (5.2.4.3) lib/action_dispatch/middleware/show_exceptions.rb:33:in `call'
railties (5.2.4.3) lib/rails/rack/logger.rb:38:in `call_app'
railties (5.2.4.3) lib/rails/rack/logger.rb:26:in `block in call'
activesupport (5.2.4.3) lib/active_support/tagged_logging.rb:71:in `block in tagged'
activesupport (5.2.4.3) lib/active_support/tagged_logging.rb:28:in `tagged'
activesupport (5.2.4.3) lib/active_support/tagged_logging.rb:71:in `tagged'
railties (5.2.4.3) lib/rails/rack/logger.rb:26:in `call'
sprockets-rails (3.2.1) lib/sprockets/rails/quiet_assets.rb:13:in `call'
actionpack (5.2.4.3) lib/action_dispatch/middleware/remote_ip.rb:81:in `call'
actionpack (5.2.4.3) lib/action_dispatch/middleware/request_id.rb:27:in `call'
rack (2.2.3) lib/rack/method_override.rb:24:in `call'
rack (2.2.3) lib/rack/runtime.rb:22:in `call'
activesupport (5.2.4.3) lib/active_support/cache/strategy/local_cache_middleware.rb:29:in `call'
actionpack (5.2.4.3) lib/action_dispatch/middleware/executor.rb:14:in `call'
actionpack (5.2.4.3) lib/action_dispatch/middleware/static.rb:127:in `call'
rack (2.2.3) lib/rack/sendfile.rb:110:in `call'
railties (5.2.4.3) lib/rails/engine.rb:524:in `call'
puma (3.12.6) lib/puma/configuration.rb:227:in `call'
puma (3.12.6) lib/puma/server.rb:706:in `handle_request'
puma (3.12.6) lib/puma/server.rb:476:in `process_client'
puma (3.12.6) lib/puma/server.rb:334:in `block in run'
puma (3.12.6) lib/puma/thread_pool.rb:135:in `block in spawn_thread'
Started GET "/users/sign_in" for 10.0.2.2 at 2020-07-01 14:01:13 +0000
Cannot render console from 10.0.2.2! Allowed networks: 127.0.0.1, ::1, 127.0.0.0/127.255.255.255
Processing by Devise::SessionsController#new as HTML
  Rendering /home/vagrant/.rbenv/versions/2.5.7/lib/ruby/gems/2.5.0/gems/devise-4.7.2/app/views/devise/sessions/new.html.erb within layouts/application
  Rendered /home/vagrant/.rbenv/versions/2.5.7/lib/ruby/gems/2.5.0/gems/devise-4.7.2/app/views/devise/shared/_links.html.erb (1.7ms)
  Rendered /home/vagrant/.rbenv/versions/2.5.7/lib/ruby/gems/2.5.0/gems/devise-4.7.2/app/views/devise/sessions/new.html.erb within layouts/application (19.6ms)
Completed 200 OK in 1512ms (Views: 1497.1ms | ActiveRecord: 1.4ms)


Started GET "/users/sign_in" for 10.0.2.2 at 2020-07-01 14:01:17 +0000
Cannot render console from 10.0.2.2! Allowed networks: 127.0.0.1, ::1, 127.0.0.0/127.255.255.255
Processing by Devise::SessionsController#new as HTML
  Rendering /home/vagrant/.rbenv/versions/2.5.7/lib/ruby/gems/2.5.0/gems/devise-4.7.2/app/views/devise/sessions/new.html.erb within layouts/application
  Rendered /home/vagrant/.rbenv/versions/2.5.7/lib/ruby/gems/2.5.0/gems/devise-4.7.2/app/views/devise/shared/_links.html.erb (1.7ms)
  Rendered /home/vagrant/.rbenv/versions/2.5.7/lib/ruby/gems/2.5.0/gems/devise-4.7.2/app/views/devise/sessions/new.html.erb within layouts/application (6.4ms)
Completed 200 OK in 66ms (Views: 63.9ms | ActiveRecord: 0.0ms)


Started GET "/users/sign_up" for 10.0.2.2 at 2020-07-01 14:01:22 +0000
Cannot render console from 10.0.2.2! Allowed networks: 127.0.0.1, ::1, 127.0.0.0/127.255.255.255
Processing by Devise::RegistrationsController#new as HTML
  Rendering /home/vagrant/.rbenv/versions/2.5.7/lib/ruby/gems/2.5.0/gems/devise-4.7.2/app/views/devise/registrations/new.html.erb within layouts/application
  Rendered /home/vagrant/.rbenv/versions/2.5.7/lib/ruby/gems/2.5.0/gems/devise-4.7.2/app/views/devise/shared/_error_messages.html.erb (0.4ms)
  Rendered /home/vagrant/.rbenv/versions/2.5.7/lib/ruby/gems/2.5.0/gems/devise-4.7.2/app/views/devise/shared/_links.html.erb (1.2ms)
  Rendered /home/vagrant/.rbenv/versions/2.5.7/lib/ruby/gems/2.5.0/gems/devise-4.7.2/app/views/devise/registrations/new.html.erb within layouts/application (8.3ms)
Completed 200 OK in 68ms (Views: 66.5ms | ActiveRecord: 0.0ms)


Started GET "/users/sign_up" for 10.0.2.2 at 2020-07-01 15:42:10 +0000
Cannot render console from 10.0.2.2! Allowed networks: 127.0.0.1, ::1, 127.0.0.0/127.255.255.255
  [1m[35m (0.8ms)[0m  [1m[34mSELECT "schema_migrations"."version" FROM "schema_migrations" ORDER BY "schema_migrations"."version" ASC[0m
  ↳ /home/vagrant/.rbenv/versions/2.5.7/lib/ruby/gems/2.5.0/gems/activerecord-5.2.4.3/lib/active_record/log_subscriber.rb:98
Processing by Devise::RegistrationsController#new as HTML
  Rendering devise/registrations/new.html.erb within layouts/application
  Rendered devise/shared/_error_messages.html.erb (0.4ms)
  Rendered devise/shared/_links.html.erb (0.8ms)
  Rendered devise/registrations/new.html.erb within layouts/application (17.1ms)
Completed 200 OK in 583ms (Views: 565.7ms | ActiveRecord: 2.7ms)


